Analysis & Synthesis report for top
Fri Dec  1 10:38:22 2023
Quartus Prime Version 22.1std.2 Build 922 07/20/2023 SC Lite Edition


---------------------
; Table of Contents ;
---------------------
  1. Legal Notice
  2. Analysis & Synthesis Summary
  3. Analysis & Synthesis Settings
  4. Parallel Compilation
  5. Analysis & Synthesis Source Files Read
  6. Analysis & Synthesis Resource Usage Summary
  7. Analysis & Synthesis Resource Utilization by Entity
  8. User-Specified and Inferred Latches
  9. Registers Removed During Synthesis
 10. General Register Statistics
 11. Multiplexer Restructuring Statistics (Restructuring Performed)
 12. Parameter Settings for User Entity Instance: ContadorConTrigger:ContadorConTrigger_i0
 13. Parameter Settings for User Entity Instance: ControlLed:ControlLed_i2
 14. Parameter Settings for User Entity Instance: ControlLed:ControlLed_i2|contador:contador3
 15. Post-Synthesis Netlist Statistics for Top Partition
 16. Elapsed Time Per Partition
 17. Analysis & Synthesis Messages
 18. Analysis & Synthesis Suppressed Messages



----------------
; Legal Notice ;
----------------
Copyright (C) 2023  Intel Corporation. All rights reserved.
Your use of Intel Corporation's design tools, logic functions 
and other software and tools, and any partner logic 
functions, and any output files from any of the foregoing 
(including device programming or simulation files), and any 
associated documentation or information are expressly subject 
to the terms and conditions of the Intel Program License 
Subscription Agreement, the Intel Quartus Prime License Agreement,
the Intel FPGA IP License Agreement, or other applicable license
agreement, including, without limitation, that your use is for
the sole purpose of programming logic devices manufactured by
Intel and sold by Intel or its authorized distributors.  Please
refer to the applicable agreement for further details, at
https://fpgasoftware.intel.com/eula.



+-------------------------------------------------------------------------------------+
; Analysis & Synthesis Summary                                                        ;
+------------------------------------+------------------------------------------------+
; Analysis & Synthesis Status        ; Successful - Fri Dec  1 10:38:22 2023          ;
; Quartus Prime Version              ; 22.1std.2 Build 922 07/20/2023 SC Lite Edition ;
; Revision Name                      ; top                                            ;
; Top-level Entity Name              ; top                                            ;
; Family                             ; Cyclone IV E                                   ;
; Total logic elements               ; 239                                            ;
;     Total combinational functions  ; 239                                            ;
;     Dedicated logic registers      ; 105                                            ;
; Total registers                    ; 105                                            ;
; Total pins                         ; 7                                              ;
; Total virtual pins                 ; 0                                              ;
; Total memory bits                  ; 0                                              ;
; Embedded Multiplier 9-bit elements ; 0                                              ;
; Total PLLs                         ; 0                                              ;
+------------------------------------+------------------------------------------------+


+------------------------------------------------------------------------------------------------------------+
; Analysis & Synthesis Settings                                                                              ;
+------------------------------------------------------------------+--------------------+--------------------+
; Option                                                           ; Setting            ; Default Value      ;
+------------------------------------------------------------------+--------------------+--------------------+
; Device                                                           ; EP4CE10E22C8       ;                    ;
; Top-level entity name                                            ; top                ; top                ;
; Family name                                                      ; Cyclone IV E       ; Cyclone V          ;
; Use smart compilation                                            ; Off                ; Off                ;
; Enable parallel Assembler and Timing Analyzer during compilation ; On                 ; On                 ;
; Enable compact report table                                      ; Off                ; Off                ;
; Restructure Multiplexers                                         ; Auto               ; Auto               ;
; Create Debugging Nodes for IP Cores                              ; Off                ; Off                ;
; Preserve fewer node names                                        ; On                 ; On                 ;
; Intel FPGA IP Evaluation Mode                                    ; Enable             ; Enable             ;
; Verilog Version                                                  ; Verilog_2001       ; Verilog_2001       ;
; VHDL Version                                                     ; VHDL_1993          ; VHDL_1993          ;
; State Machine Processing                                         ; Auto               ; Auto               ;
; Safe State Machine                                               ; Off                ; Off                ;
; Extract Verilog State Machines                                   ; On                 ; On                 ;
; Extract VHDL State Machines                                      ; On                 ; On                 ;
; Ignore Verilog initial constructs                                ; Off                ; Off                ;
; Iteration limit for constant Verilog loops                       ; 5000               ; 5000               ;
; Iteration limit for non-constant Verilog loops                   ; 250                ; 250                ;
; Add Pass-Through Logic to Inferred RAMs                          ; On                 ; On                 ;
; Infer RAMs from Raw Logic                                        ; On                 ; On                 ;
; Parallel Synthesis                                               ; On                 ; On                 ;
; DSP Block Balancing                                              ; Auto               ; Auto               ;
; NOT Gate Push-Back                                               ; On                 ; On                 ;
; Power-Up Don't Care                                              ; On                 ; On                 ;
; Remove Redundant Logic Cells                                     ; Off                ; Off                ;
; Remove Duplicate Registers                                       ; On                 ; On                 ;
; Ignore CARRY Buffers                                             ; Off                ; Off                ;
; Ignore CASCADE Buffers                                           ; Off                ; Off                ;
; Ignore GLOBAL Buffers                                            ; Off                ; Off                ;
; Ignore ROW GLOBAL Buffers                                        ; Off                ; Off                ;
; Ignore LCELL Buffers                                             ; Off                ; Off                ;
; Ignore SOFT Buffers                                              ; On                 ; On                 ;
; Limit AHDL Integers to 32 Bits                                   ; Off                ; Off                ;
; Optimization Technique                                           ; Balanced           ; Balanced           ;
; Carry Chain Length                                               ; 70                 ; 70                 ;
; Auto Carry Chains                                                ; On                 ; On                 ;
; Auto Open-Drain Pins                                             ; On                 ; On                 ;
; Perform WYSIWYG Primitive Resynthesis                            ; Off                ; Off                ;
; Auto ROM Replacement                                             ; On                 ; On                 ;
; Auto RAM Replacement                                             ; On                 ; On                 ;
; Auto DSP Block Replacement                                       ; On                 ; On                 ;
; Auto Shift Register Replacement                                  ; Auto               ; Auto               ;
; Allow Shift Register Merging across Hierarchies                  ; Auto               ; Auto               ;
; Auto Clock Enable Replacement                                    ; On                 ; On                 ;
; Strict RAM Replacement                                           ; Off                ; Off                ;
; Allow Synchronous Control Signals                                ; On                 ; On                 ;
; Force Use of Synchronous Clear Signals                           ; Off                ; Off                ;
; Auto RAM Block Balancing                                         ; On                 ; On                 ;
; Auto RAM to Logic Cell Conversion                                ; Off                ; Off                ;
; Auto Resource Sharing                                            ; Off                ; Off                ;
; Allow Any RAM Size For Recognition                               ; Off                ; Off                ;
; Allow Any ROM Size For Recognition                               ; Off                ; Off                ;
; Allow Any Shift Register Size For Recognition                    ; Off                ; Off                ;
; Use LogicLock Constraints during Resource Balancing              ; On                 ; On                 ;
; Ignore translate_off and synthesis_off directives                ; Off                ; Off                ;
; Timing-Driven Synthesis                                          ; On                 ; On                 ;
; Report Parameter Settings                                        ; On                 ; On                 ;
; Report Source Assignments                                        ; On                 ; On                 ;
; Report Connectivity Checks                                       ; On                 ; On                 ;
; Ignore Maximum Fan-Out Assignments                               ; Off                ; Off                ;
; Synchronization Register Chain Length                            ; 2                  ; 2                  ;
; Power Optimization During Synthesis                              ; Normal compilation ; Normal compilation ;
; HDL message level                                                ; Level2             ; Level2             ;
; Suppress Register Optimization Related Messages                  ; Off                ; Off                ;
; Number of Removed Registers Reported in Synthesis Report         ; 5000               ; 5000               ;
; Number of Swept Nodes Reported in Synthesis Report               ; 5000               ; 5000               ;
; Number of Inverted Registers Reported in Synthesis Report        ; 100                ; 100                ;
; Clock MUX Protection                                             ; On                 ; On                 ;
; Auto Gated Clock Conversion                                      ; Off                ; Off                ;
; Block Design Naming                                              ; Auto               ; Auto               ;
; SDC constraint protection                                        ; Off                ; Off                ;
; Synthesis Effort                                                 ; Auto               ; Auto               ;
; Shift Register Replacement - Allow Asynchronous Clear Signal     ; On                 ; On                 ;
; Pre-Mapping Resynthesis Optimization                             ; Off                ; Off                ;
; Analysis & Synthesis Message Level                               ; Medium             ; Medium             ;
; Disable Register Merging Across Hierarchies                      ; Auto               ; Auto               ;
; Resource Aware Inference For Block RAM                           ; On                 ; On                 ;
+------------------------------------------------------------------+--------------------+--------------------+


+------------------------------------------+
; Parallel Compilation                     ;
+----------------------------+-------------+
; Processors                 ; Number      ;
+----------------------------+-------------+
; Number detected on machine ; 8           ;
; Maximum allowed            ; 4           ;
;                            ;             ;
; Average used               ; 1.00        ;
; Maximum used               ; 4           ;
;                            ;             ;
; Usage by Processor         ; % Time Used ;
;     Processor 1            ; 100.0%      ;
;     Processor 2            ;   0.0%      ;
;     Processors 3-4         ;   0.0%      ;
+----------------------------+-------------+


+------------------------------------------------------------------------------------------------------------------------------------------------+
; Analysis & Synthesis Source Files Read                                                                                                         ;
+----------------------------------+-----------------+------------------------------+--------------------------------------------------+---------+
; File Name with User-Entered Path ; Used in Netlist ; File Type                    ; File Name with Absolute Path                     ; Library ;
+----------------------------------+-----------------+------------------------------+--------------------------------------------------+---------+
; top.v                            ; yes             ; Auto-Found Verilog HDL File  ; /home/sebastian/Downloads/FInal/Servo/top.v      ;         ;
; contador.v                       ; yes             ; Auto-Found Verilog HDL File  ; /home/sebastian/Downloads/FInal/Servo/contador.v ;         ;
; duty.v                           ; yes             ; Auto-Found Verilog HDL File  ; /home/sebastian/Downloads/FInal/Servo/duty.v     ;         ;
+----------------------------------+-----------------+------------------------------+--------------------------------------------------+---------+


+---------------------------------------------------------+
; Analysis & Synthesis Resource Usage Summary             ;
+---------------------------------------------+-----------+
; Resource                                    ; Usage     ;
+---------------------------------------------+-----------+
; Estimated Total logic elements              ; 239       ;
;                                             ;           ;
; Total combinational functions               ; 239       ;
; Logic element usage by number of LUT inputs ;           ;
;     -- 4 input functions                    ; 57        ;
;     -- 3 input functions                    ; 49        ;
;     -- <=2 input functions                  ; 133       ;
;                                             ;           ;
; Logic elements by mode                      ;           ;
;     -- normal mode                          ; 118       ;
;     -- arithmetic mode                      ; 121       ;
;                                             ;           ;
; Total registers                             ; 105       ;
;     -- Dedicated logic registers            ; 105       ;
;     -- I/O registers                        ; 0         ;
;                                             ;           ;
; I/O pins                                    ; 7         ;
;                                             ;           ;
; Embedded Multiplier 9-bit elements          ; 0         ;
;                                             ;           ;
; Maximum fan-out node                        ; clk~input ;
; Maximum fan-out                             ; 105       ;
; Total fan-out                               ; 936       ;
; Average fan-out                             ; 2.61      ;
+---------------------------------------------+-----------+


+-----------------------------------------------------------------------------------------------------------------------------------------------------------------------------------------------------------------------------------------------------------------+
; Analysis & Synthesis Resource Utilization by Entity                                                                                                                                                                                                             ;
+-----------------------------------------------+---------------------+---------------------------+-------------+--------------+---------+-----------+------+--------------+--------------------------------------------------+--------------------+--------------+
; Compilation Hierarchy Node                    ; Combinational ALUTs ; Dedicated Logic Registers ; Memory Bits ; DSP Elements ; DSP 9x9 ; DSP 18x18 ; Pins ; Virtual Pins ; Full Hierarchy Name                              ; Entity Name        ; Library Name ;
+-----------------------------------------------+---------------------+---------------------------+-------------+--------------+---------+-----------+------+--------------+--------------------------------------------------+--------------------+--------------+
; |top                                          ; 239 (0)             ; 105 (0)                   ; 0           ; 0            ; 0       ; 0         ; 7    ; 0            ; |top                                             ; top                ; work         ;
;    |ContadorConEcho:ContadorConEcho_i1|       ; 20 (20)             ; 20 (20)                   ; 0           ; 0            ; 0       ; 0         ; 0    ; 0            ; |top|ContadorConEcho:ContadorConEcho_i1          ; ContadorConEcho    ; work         ;
;    |ContadorConTrigger:ContadorConTrigger_i0| ; 25 (25)             ; 21 (21)                   ; 0           ; 0            ; 0       ; 0         ; 0    ; 0            ; |top|ContadorConTrigger:ContadorConTrigger_i0    ; ContadorConTrigger ; work         ;
;    |ControlLed:ControlLed_i2|                 ; 194 (60)            ; 64 (1)                    ; 0           ; 0            ; 0       ; 0         ; 0    ; 0            ; |top|ControlLed:ControlLed_i2                    ; ControlLed         ; work         ;
;       |contador:contador3|                    ; 40 (40)             ; 24 (24)                   ; 0           ; 0            ; 0       ; 0         ; 0    ; 0            ; |top|ControlLed:ControlLed_i2|contador:contador3 ; contador           ; work         ;
;       |duty:duty1|                            ; 94 (94)             ; 39 (39)                   ; 0           ; 0            ; 0       ; 0         ; 0    ; 0            ; |top|ControlLed:ControlLed_i2|duty:duty1         ; duty               ; work         ;
+-----------------------------------------------+---------------------+---------------------------+-------------+--------------+---------+-----------+------+--------------+--------------------------------------------------+--------------------+--------------+
Note: For table entries with two numbers listed, the numbers in parentheses indicate the number of resources of the given type used by the specific entity alone. The numbers listed outside of parentheses indicate the total resources of the given type used by the specific entity and all of its sub-entities in the hierarchy.


+---------------------------------------------------------------------------------------------------+
; User-Specified and Inferred Latches                                                               ;
+----------------------------------------------------+---------------------+------------------------+
; Latch Name                                         ; Latch Enable Signal ; Free of Timing Hazards ;
+----------------------------------------------------+---------------------+------------------------+
; ControlLed:ControlLed_i2|led1                      ; GND                 ; yes                    ;
; ControlLed:ControlLed_i2|led2                      ; GND                 ; yes                    ;
; ControlLed:ControlLed_i2|led3                      ; GND                 ; yes                    ;
; Number of user-specified and inferred latches = 3  ;                     ;                        ;
+----------------------------------------------------+---------------------+------------------------+
Note: All latches listed above may not be present at the end of synthesis due to various synthesis optimizations.


+-------------------------------------------------------------------------------------------+
; Registers Removed During Synthesis                                                        ;
+--------------------------------------------------+----------------------------------------+
; Register name                                    ; Reason for Removal                     ;
+--------------------------------------------------+----------------------------------------+
; ControlLed:ControlLed_i2|duty:duty1|duty_temp[0] ; Stuck at GND due to stuck port data_in ;
; Total Number of Removed Registers = 1            ;                                        ;
+--------------------------------------------------+----------------------------------------+


+------------------------------------------------------+
; General Register Statistics                          ;
+----------------------------------------------+-------+
; Statistic                                    ; Value ;
+----------------------------------------------+-------+
; Total registers                              ; 105   ;
; Number of registers using Synchronous Clear  ; 41    ;
; Number of registers using Synchronous Load   ; 0     ;
; Number of registers using Asynchronous Clear ; 0     ;
; Number of registers using Asynchronous Load  ; 0     ;
; Number of registers using Clock Enable       ; 38    ;
; Number of registers using Preset             ; 0     ;
+----------------------------------------------+-------+


+---------------------------------------------------------------------------------------------------------------------------------------------------------------------+
; Multiplexer Restructuring Statistics (Restructuring Performed)                                                                                                      ;
+--------------------+-----------+---------------+----------------------+------------------------+------------+-------------------------------------------------------+
; Multiplexer Inputs ; Bus Width ; Baseline Area ; Area if Restructured ; Saving if Restructured ; Registered ; Example Multiplexer Output                            ;
+--------------------+-----------+---------------+----------------------+------------------------+------------+-------------------------------------------------------+
; 3:1                ; 23 bits   ; 46 LEs        ; 23 LEs               ; 23 LEs                 ; Yes        ; |top|ControlLed:ControlLed_i2|duty:duty1|duty_temp[8] ;
; 5:1                ; 16 bits   ; 48 LEs        ; 16 LEs               ; 32 LEs                 ; Yes        ; |top|ControlLed:ControlLed_i2|duty:duty1|counter[5]   ;
+--------------------+-----------+---------------+----------------------+------------------------+------------+-------------------------------------------------------+


+---------------------------------------------------------------------------------------+
; Parameter Settings for User Entity Instance: ContadorConTrigger:ContadorConTrigger_i0 ;
+----------------+----------------------+-----------------------------------------------+
; Parameter Name ; Value                ; Type                                          ;
+----------------+----------------------+-----------------------------------------------+
; limite         ; 01111010000100100000 ; Unsigned Binary                               ;
+----------------+----------------------+-----------------------------------------------+
Note: In order to hide this table in the UI and the text report file, please set the "Show Parameter Settings in Synthesis Report" option in "Analysis and Synthesis Settings -> More Settings" to "Off".


+-----------------------------------------------------------------------+
; Parameter Settings for User Entity Instance: ControlLed:ControlLed_i2 ;
+----------------+----------------------+-------------------------------+
; Parameter Name ; Value                ; Type                          ;
+----------------+----------------------+-------------------------------+
; L1             ; 00010001000101110000 ; Unsigned Binary               ;
; L1m            ; 00001100001101010000 ; Unsigned Binary               ;
; L2             ; 00001100001101010000 ; Unsigned Binary               ;
; L2m            ; 00000111010100110000 ; Unsigned Binary               ;
; L3             ; 00000111010100110000 ; Unsigned Binary               ;
; L3m            ; 00000000101110111000 ; Unsigned Binary               ;
+----------------+----------------------+-------------------------------+
Note: In order to hide this table in the UI and the text report file, please set the "Show Parameter Settings in Synthesis Report" option in "Analysis and Synthesis Settings -> More Settings" to "Off".


+------------------------------------------------------------------------------------------+
; Parameter Settings for User Entity Instance: ControlLed:ControlLed_i2|contador:contador3 ;
+----------------+--------------------------+----------------------------------------------+
; Parameter Name ; Value                    ; Type                                         ;
+----------------+--------------------------+----------------------------------------------+
; SIZE           ; 24                       ; Signed Integer                               ;
; LIMIT          ; 100110001001011010000000 ; Unsigned Binary                              ;
+----------------+--------------------------+----------------------------------------------+
Note: In order to hide this table in the UI and the text report file, please set the "Show Parameter Settings in Synthesis Report" option in "Analysis and Synthesis Settings -> More Settings" to "Off".


+-----------------------------------------------------+
; Post-Synthesis Netlist Statistics for Top Partition ;
+-----------------------+-----------------------------+
; Type                  ; Count                       ;
+-----------------------+-----------------------------+
; boundary_port         ; 7                           ;
; cycloneiii_ff         ; 105                         ;
;     ENA               ; 38                          ;
;     SCLR              ; 41                          ;
;     plain             ; 26                          ;
; cycloneiii_lcell_comb ; 239                         ;
;     arith             ; 121                         ;
;         2 data inputs ; 99                          ;
;         3 data inputs ; 22                          ;
;     normal            ; 118                         ;
;         0 data inputs ; 1                           ;
;         1 data inputs ; 4                           ;
;         2 data inputs ; 29                          ;
;         3 data inputs ; 27                          ;
;         4 data inputs ; 57                          ;
;                       ;                             ;
; Max LUT depth         ; 10.30                       ;
; Average LUT depth     ; 4.39                        ;
+-----------------------+-----------------------------+


+-------------------------------+
; Elapsed Time Per Partition    ;
+----------------+--------------+
; Partition Name ; Elapsed Time ;
+----------------+--------------+
; Top            ; 00:00:00     ;
+----------------+--------------+


+-------------------------------+
; Analysis & Synthesis Messages ;
+-------------------------------+
Info: *******************************************************************
Info: Running Quartus Prime Analysis & Synthesis
    Info: Version 22.1std.2 Build 922 07/20/2023 SC Lite Edition
    Info: Processing started: Fri Dec  1 10:38:16 2023
Info: Command: quartus_map --read_settings_files=on --write_settings_files=off top -c top
Warning (18236): Number of processors has not been specified which may cause overloading on shared machines.  Set the global assignment NUM_PARALLEL_PROCESSORS in your QSF to an appropriate value for best performance.
Info (20030): Parallel compilation is enabled and will use 4 of the 4 processors detected
Warning (12125): Using design file top.v, which is not specified as a design file for the current project, but contains definitions for 4 design units and 4 entities in project
    Info (12023): Found entity 1: ContadorConTrigger File: /home/sebastian/Downloads/FInal/Servo/top.v Line: 5
    Info (12023): Found entity 2: ContadorConEcho File: /home/sebastian/Downloads/FInal/Servo/top.v Line: 24
    Info (12023): Found entity 3: ControlLed File: /home/sebastian/Downloads/FInal/Servo/top.v Line: 43
    Info (12023): Found entity 4: top File: /home/sebastian/Downloads/FInal/Servo/top.v Line: 101
Info (12127): Elaborating entity "top" for the top level hierarchy
Info (12128): Elaborating entity "ContadorConTrigger" for hierarchy "ContadorConTrigger:ContadorConTrigger_i0" File: /home/sebastian/Downloads/FInal/Servo/top.v Line: 115
Warning (10230): Verilog HDL assignment warning at top.v(15): truncated value with size 32 to match size of target (20) File: /home/sebastian/Downloads/FInal/Servo/top.v Line: 15
Info (12128): Elaborating entity "ContadorConEcho" for hierarchy "ContadorConEcho:ContadorConEcho_i1" File: /home/sebastian/Downloads/FInal/Servo/top.v Line: 121
Warning (10230): Verilog HDL assignment warning at top.v(34): truncated value with size 32 to match size of target (20) File: /home/sebastian/Downloads/FInal/Servo/top.v Line: 34
Info (12128): Elaborating entity "ControlLed" for hierarchy "ControlLed:ControlLed_i2" File: /home/sebastian/Downloads/FInal/Servo/top.v Line: 130
Warning (10240): Verilog HDL Always Construct warning at top.v(61): inferring latch(es) for variable "led1", which holds its previous value in one or more paths through the always construct File: /home/sebastian/Downloads/FInal/Servo/top.v Line: 61
Warning (10240): Verilog HDL Always Construct warning at top.v(61): inferring latch(es) for variable "led2", which holds its previous value in one or more paths through the always construct File: /home/sebastian/Downloads/FInal/Servo/top.v Line: 61
Warning (10240): Verilog HDL Always Construct warning at top.v(61): inferring latch(es) for variable "led3", which holds its previous value in one or more paths through the always construct File: /home/sebastian/Downloads/FInal/Servo/top.v Line: 61
Info (10041): Inferred latch for "led3" at top.v(61) File: /home/sebastian/Downloads/FInal/Servo/top.v Line: 61
Info (10041): Inferred latch for "led2" at top.v(61) File: /home/sebastian/Downloads/FInal/Servo/top.v Line: 61
Info (10041): Inferred latch for "led1" at top.v(61) File: /home/sebastian/Downloads/FInal/Servo/top.v Line: 61
Warning (12125): Using design file contador.v, which is not specified as a design file for the current project, but contains definitions for 1 design units and 1 entities in project
    Info (12023): Found entity 1: contador File: /home/sebastian/Downloads/FInal/Servo/contador.v Line: 1
Info (12128): Elaborating entity "contador" for hierarchy "ControlLed:ControlLed_i2|contador:contador3" File: /home/sebastian/Downloads/FInal/Servo/top.v Line: 87
Warning (10230): Verilog HDL assignment warning at contador.v(17): truncated value with size 32 to match size of target (24) File: /home/sebastian/Downloads/FInal/Servo/contador.v Line: 17
Warning (12125): Using design file duty.v, which is not specified as a design file for the current project, but contains definitions for 1 design units and 1 entities in project
    Info (12023): Found entity 1: duty File: /home/sebastian/Downloads/FInal/Servo/duty.v Line: 1
Info (12128): Elaborating entity "duty" for hierarchy "ControlLed:ControlLed_i2|duty:duty1" File: /home/sebastian/Downloads/FInal/Servo/top.v Line: 88
Warning (10230): Verilog HDL assignment warning at duty.v(17): truncated value with size 32 to match size of target (16) File: /home/sebastian/Downloads/FInal/Servo/duty.v Line: 17
Warning (10230): Verilog HDL assignment warning at duty.v(20): truncated value with size 32 to match size of target (24) File: /home/sebastian/Downloads/FInal/Servo/duty.v Line: 20
Info (286030): Timing-Driven Synthesis is running
Info (144001): Generated suppressed messages file /home/sebastian/Downloads/FInal/Servo/build/top.map.smsg
Info (16010): Generating hard_block partition "hard_block:auto_generated_inst"
    Info (16011): Adding 0 node(s), including 0 DDIO, 0 PLL, 0 transceiver and 0 LCELL
Info (21057): Implemented 247 device resources after synthesis - the final resource count might be different
    Info (21058): Implemented 2 input pins
    Info (21059): Implemented 5 output pins
    Info (21061): Implemented 240 logic cells
Info: Quartus Prime Analysis & Synthesis was successful. 0 errors, 12 warnings
    Info: Peak virtual memory: 433 megabytes
    Info: Processing ended: Fri Dec  1 10:38:22 2023
    Info: Elapsed time: 00:00:06
    Info: Total CPU time (on all processors): 00:00:18


+------------------------------------------+
; Analysis & Synthesis Suppressed Messages ;
+------------------------------------------+
The suppressed messages can be found in /home/sebastian/Downloads/FInal/Servo/build/top.map.smsg.


